2020-06-16 21:19:43 DEBUG [Main]: io
2020-06-16 21:35:05 DEBUG [Main]: io
2020-06-16 21:35:05 INFO  [WorkWithFile]: Reading data to the file
2020-06-16 21:37:56 DEBUG [Main]: io
2020-06-16 21:37:56 INFO  [WorkWithFile]: Reading data to the file
2020-06-16 21:38:49 INFO  [WorkWithFile]: Writing data to the file
2020-06-16 22:40:00 DEBUG [Main]: io
2020-06-16 22:40:00 DEBUG [Controller]: Programme started
2020-06-16 22:40:00 INFO  [WorkWithFile]: Reading data to the file
2020-06-16 22:40:59 INFO  [WorkWithFile]: Writing data to the file
2020-06-16 22:41:14 INFO  [WorkWithFile]: Writing data to the file
2020-06-16 22:41:56 INFO  [WorkWithFile]: Writing data to the file
2020-06-16 22:49:15 DEBUG [Main]: io
2020-06-16 22:49:15 DEBUG [Controller]: Programme started
2020-06-16 22:49:15 INFO  [WorkWithFile]: Reading data to the file
2020-06-16 22:49:17 INFO  [Controller]: User chose first menu item: Show a list of all home appliances
2020-06-16 22:49:18 INFO  [Controller]: User chose second menu item: Show a list of home appliances of a given type
2020-06-16 22:49:25 INFO  [Controller]: User chose 'Exit'. Programme finished successfully
2020-06-16 22:51:15 DEBUG [Main]: io
2020-06-16 22:51:15 DEBUG [Controller]: Programme started
2020-06-16 22:51:15 ERROR [WorkWithFile]: File not found
2020-06-16 22:51:19 INFO  [Controller]: User chose first menu item: Show a list of all home appliances
2020-06-16 22:51:21 INFO  [Controller]: User chose second menu item: Show a list of home appliances of a given type
2020-06-16 22:54:17 DEBUG [Main]: io
2020-06-16 22:54:17 DEBUG [Controller]: Programme started
2020-06-16 22:54:17 INFO  [WorkWithFile]: Reading data from file
2020-06-16 22:54:19 INFO  [Controller]: User chose first menu item: Show a list of all home appliances
2020-06-16 22:54:21 INFO  [Controller]: User chose second menu item: Show a list of home appliances of a given type
2020-06-16 22:54:44 INFO  [Controller]: User chose 'Exit'. Programme finished successfully
2020-06-16 22:56:45 DEBUG [Main]: io
2020-06-16 22:56:45 DEBUG [Controller]: Programme started
2020-06-16 22:56:45 INFO  [WorkWithFile]: Reading data from file
2020-06-16 22:56:46 INFO  [Controller]: User chose first menu item: Show a list of all home appliances
2020-06-16 22:56:48 INFO  [Controller]: User chose second menu item: Show a list of home appliances of a given type
2020-06-16 22:56:53 INFO  [Controller]: User chose 'Exit'. Programme finished successfully
